"C:/Users/user/Documents/Unreal Projects/progpazdziernik/Content/StarterContent/Audio/Starter_Birds01.uasset" 0
"C:/Users/user/Documents/Unreal Projects/progpazdziernik/Content/StarterContent/Audio/Starter_Birds01.uexp" 1
"C:/Users/user/Documents/Unreal Projects/progpazdziernik/Content/StarterContent/Audio/Starter_Wind05.uasset" 2
"C:/Users/user/Documents/Unreal Projects/progpazdziernik/Content/StarterContent/Audio/Starter_Wind05.uexp" 3
"C:/Users/user/Documents/Unreal Projects/progpazdziernik/Content/StarterContent/Audio/Starter_Wind06.uasset" 4
"C:/Users/user/Documents/Unreal Projects/progpazdziernik/Content/StarterContent/Audio/Starter_Wind06.uexp" 5
"../../../Engine/Content/EngineMaterials/T_Default_Material_Grid_N.uasset" 6
"../../../Engine/Content/EngineMaterials/T_Default_Material_Grid_N.uexp" 7
"../../../Engine/Content/EngineMaterials/T_Default_Material_Grid_N.ubulk" 8
"../../../Engine/Content/EngineMaterials/T_Default_Material_Grid_M.uasset" 9
"../../../Engine/Content/EngineMaterials/T_Default_Material_Grid_M.uexp" 10
"../../../Engine/Content/EngineMaterials/T_Default_Material_Grid_M.ubulk" 11
"../../../Engine/Content/Functions/Engine_MaterialFunctions01/Opacity/CameraDepthFade.uasset" 12
"../../../Engine/Content/Functions/Engine_MaterialFunctions01/Opacity/CameraDepthFade.uexp" 13
"../../../Engine/Content/EngineMaterials/WorldGridMaterial.uasset" 14
"../../../Engine/Content/EngineMaterials/WorldGridMaterial.uexp" 15
"../../../Engine/Content/ArtTools/RenderToTexture/Meshes/S_1_Unit_Plane.uasset" 16
"../../../Engine/Content/ArtTools/RenderToTexture/Meshes/S_1_Unit_Plane.uexp" 17
"../../../Engine/Content/EngineMaterials/DefaultMaterial.uasset" 18
"../../../Engine/Content/EngineMaterials/DefaultMaterial.uexp" 19
"../../../Engine/Content/BasicShapes/Cone.uasset" 20
"../../../Engine/Content/BasicShapes/Cone.uexp" 21
"../../../Engine/Content/BasicShapes/Cube.uasset" 22
"../../../Engine/Content/BasicShapes/Cube.uexp" 23
"../../../Engine/Content/BasicShapes/Plane.uasset" 24
"../../../Engine/Content/BasicShapes/Plane.uexp" 25
"../../../Engine/Content/EditorLandscapeResources/DataLayer.uasset" 26
"../../../Engine/Content/EditorLandscapeResources/DataLayer.uexp" 27
"../../../Engine/Content/EditorLandscapeResources/DefaultAlphaTexture.uasset" 28
"../../../Engine/Content/EditorLandscapeResources/DefaultAlphaTexture.uexp" 29
"../../../Engine/Content/EditorMaterials/MAT_Groups_Toggle.uasset" 30
"../../../Engine/Content/EditorMaterials/MAT_Groups_Toggle.uexp" 31
"../../../Engine/Content/EditorMaterials/MAT_Groups_Visibility.uasset" 32
"../../../Engine/Content/EditorMaterials/MAT_Groups_Visibility.uexp" 33
"../../../Engine/Content/EditorMaterials/PreviewShadowIndicator.uasset" 34
"../../../Engine/Content/EditorMaterials/PreviewShadowIndicator.uexp" 35
"../../../Engine/Content/EditorMaterials/PreviewShadowIndicator.ubulk" 36
"../../../Engine/Content/EditorMaterials/PreviewShadowIndicatorMaterial.uasset" 37
"../../../Engine/Content/EditorMaterials/PreviewShadowIndicatorMaterial.uexp" 38
"../../../Engine/Content/EditorMaterials/MatineeGroups/MAT_ColorTrack.uasset" 39
"../../../Engine/Content/EditorMaterials/MatineeGroups/MAT_ColorTrack.uexp" 40
"../../../Engine/Content/EditorMaterials/MatineeGroups/MAT_Groups_Anim.uasset" 41
"../../../Engine/Content/EditorMaterials/MatineeGroups/MAT_Groups_Anim.uexp" 42
"../../../Engine/Content/EditorMaterials/MatineeGroups/MAT_Groups_AudioMaster.uasset" 43
"../../../Engine/Content/EditorMaterials/MatineeGroups/MAT_Groups_AudioMaster.uexp" 44
"../../../Engine/Content/EditorMaterials/MatineeGroups/MAT_Groups_Director.uasset" 45
"../../../Engine/Content/EditorMaterials/MatineeGroups/MAT_Groups_Director.uexp" 46
"../../../Engine/Content/EditorMaterials/MatineeGroups/MAT_Groups_Event.uasset" 47
"../../../Engine/Content/EditorMaterials/MatineeGroups/MAT_Groups_Event.uexp" 48
"../../../Engine/Content/EditorMaterials/MatineeGroups/MAT_Groups_Fade.uasset" 49
"../../../Engine/Content/EditorMaterials/MatineeGroups/MAT_Groups_Fade.uexp" 50
"../../../Engine/Content/EditorMaterials/MatineeGroups/MAT_Groups_Float.uasset" 51
"../../../Engine/Content/EditorMaterials/MatineeGroups/MAT_Groups_Float.uexp" 52
"../../../Engine/Content/EditorMaterials/MatineeGroups/MAT_Groups_Move.uasset" 53
"../../../Engine/Content/EditorMaterials/MatineeGroups/MAT_Groups_Move.uexp" 54
"../../../Engine/Content/EditorMaterials/MatineeGroups/MAT_Groups_Slomo.uasset" 55
"../../../Engine/Content/EditorMaterials/MatineeGroups/MAT_Groups_Slomo.uexp" 56
"../../../Engine/Content/EditorMaterials/MatineeGroups/MAT_Groups_Sound.uasset" 57
"../../../Engine/Content/EditorMaterials/MatineeGroups/MAT_Groups_Sound.uexp" 58
"../../../Engine/Content/EditorMaterials/MatineeGroups/MAT_Groups_Vector.uasset" 59
"../../../Engine/Content/EditorMaterials/MatineeGroups/MAT_Groups_Vector.uexp" 60
"../../../Engine/Content/EditorMaterials/ParticleSystems/PSysThumbnail_NoImage.uasset" 61
"../../../Engine/Content/EditorMaterials/ParticleSystems/PSysThumbnail_NoImage.uexp" 62
"../../../Engine/Content/EditorMaterials/ParticleSystems/PSysThumbnail_NoImage.ubulk" 63
"../../../Engine/Content/EditorMaterials/ParticleSystems/PSysThumbnail_OOD.uasset" 64
"../../../Engine/Content/EditorMaterials/ParticleSystems/PSysThumbnail_OOD.uexp" 65
"../../../Engine/Content/EditorMaterials/ParticleSystems/PSysThumbnail_OOD.ubulk" 66
"../../../Engine/Content/EditorMaterials/Camera/CineMat.uasset" 67
"../../../Engine/Content/EditorMaterials/Camera/CineMat.uexp" 68
"../../../Engine/Content/EditorMaterials/Camera/MI_CineMat_Rig.uasset" 69
"../../../Engine/Content/EditorMaterials/Camera/MI_CineMat_Rig.uexp" 70
"../../../Engine/Content/EditorMeshes/Camera/SM_CraneRig_Arm.uasset" 71
"../../../Engine/Content/EditorMeshes/Camera/SM_CraneRig_Arm.uexp" 72
"../../../Engine/Content/EditorMeshes/Camera/SM_CraneRig_Base.uasset" 73
"../../../Engine/Content/EditorMeshes/Camera/SM_CraneRig_Base.uexp" 74
"../../../Engine/Content/EditorMeshes/Camera/SM_CraneRig_Body.uasset" 75
"../../../Engine/Content/EditorMeshes/Camera/SM_CraneRig_Body.uexp" 76
"../../../Engine/Content/EditorMeshes/Camera/SM_CraneRig_Mount.uasset" 77
"../../../Engine/Content/EditorMeshes/Camera/SM_CraneRig_Mount.uexp" 78
"../../../Engine/Content/EditorMeshes/Camera/SM_RailRig_Mount.uasset" 79
"../../../Engine/Content/EditorMeshes/Camera/SM_RailRig_Mount.uexp" 80
"../../../Engine/Content/EditorMeshes/Camera/SM_RailRig_Track.uasset" 81
"../../../Engine/Content/EditorMeshes/Camera/SM_RailRig_Track.uexp" 82
"../../../Engine/Content/EditorResources/BSPVertex.uasset" 83
"../../../Engine/Content/EditorResources/BSPVertex.uexp" 84
"../../../Engine/Content/EditorResources/EmptyActor.uasset" 85
"../../../Engine/Content/EditorResources/EmptyActor.uexp" 86
"../../../Engine/Content/EditorResources/S_Actor.uasset" 87
"../../../Engine/Content/EditorResources/S_Actor.uexp" 88
"../../../Engine/Content/EditorResources/S_Actor.ubulk" 89
"../../../Engine/Content/EditorResources/S_Note.uasset" 90
"../../../Engine/Content/EditorResources/S_Note.uexp" 91
"../../../Engine/Content/EditorResources/S_Note.ubulk" 92
"../../../Engine/Content/EditorResources/S_Solver.uasset" 93
"../../../Engine/Content/EditorResources/S_Solver.uexp" 94
"../../../Engine/Content/EditorResources/S_Solver.ubulk" 95
"../../../Engine/Content/EditorResources/S_Terrain.uasset" 96
"../../../Engine/Content/EditorResources/S_Terrain.uexp" 97
"../../../Engine/Content/EditorResources/S_Terrain.ubulk" 98
"../../../Engine/Content/EditorResources/S_Trigger.uasset" 99
"../../../Engine/Content/EditorResources/S_Trigger.uexp" 100
"../../../Engine/Content/EditorResources/S_Trigger.ubulk" 101
"../../../Engine/Content/EditorResources/AudioIcons/S_AudioComponent_AutoActivate.uasset" 102
"../../../Engine/Content/EditorResources/AudioIcons/S_AudioComponent_AutoActivate.uexp" 103
"../../../Engine/Content/EditorResources/AudioIcons/S_AudioComponent_AutoActivate.ubulk" 104
"../../../Engine/Content/EditorResources/LightIcons/S_LightError.uasset" 105
"../../../Engine/Content/EditorResources/LightIcons/S_LightError.uexp" 106
"../../../Engine/Content/EditorResources/SequenceRecorder/Countdown.uasset" 107
"../../../Engine/Content/EditorResources/SequenceRecorder/Countdown.uexp" 108
"../../../Engine/Content/EditorResources/SequenceRecorder/RecordingIndicator.uasset" 109
"../../../Engine/Content/EditorResources/SequenceRecorder/RecordingIndicator.uexp" 110
"../../../Engine/Content/EngineDamageTypes/DmgTypeBP_Environmental.uasset" 111
"../../../Engine/Content/EngineDamageTypes/DmgTypeBP_Environmental.uexp" 112
"../../../Engine/Content/EngineDebugMaterials/DebugEditorMaterial.uasset" 113
"../../../Engine/Content/EngineDebugMaterials/DebugEditorMaterial.uexp" 114
"../../../Engine/Content/EngineDebugMaterials/DebugMeshMaterial.uasset" 115
"../../../Engine/Content/EngineDebugMaterials/DebugMeshMaterial.uexp" 116
"../../../Engine/Content/EngineDebugMaterials/M_SimpleUnlitTranslucent.uasset" 117
"../../../Engine/Content/EngineDebugMaterials/M_SimpleUnlitTranslucent.uexp" 118
"../../../Engine/Content/EngineDebugMaterials/VolumeToRender.uasset" 119
"../../../Engine/Content/EngineDebugMaterials/VolumeToRender.uexp" 120
"../../../Engine/Content/Functions/Engine_MaterialFunctions02/Utility/CameraDirectionVector.uasset" 121
"../../../Engine/Content/Functions/Engine_MaterialFunctions02/Utility/CameraDirectionVector.uexp" 122
"../../../Engine/Content/EngineDebugMaterials/M_VolumeRenderSphereTracePP.uasset" 123
"../../../Engine/Content/EngineDebugMaterials/M_VolumeRenderSphereTracePP.uexp" 124
"../../../Engine/Content/Functions/Engine_MaterialFunctions01/Shading/ConvertFromDiffSpec.uasset" 125
"../../../Engine/Content/Functions/Engine_MaterialFunctions01/Shading/ConvertFromDiffSpec.uexp" 126
"../../../Engine/Content/EngineDebugMaterials/VertexColorMaterial.uasset" 127
"../../../Engine/Content/EngineDebugMaterials/VertexColorMaterial.uexp" 128
"../../../Engine/Content/EngineDebugMaterials/WireframeMaterial.uasset" 129
"../../../Engine/Content/EngineDebugMaterials/WireframeMaterial.uexp" 130
"../../../Engine/Content/EngineFonts/Faces/RobotoBoldItalic.uasset" 131
"../../../Engine/Content/EngineFonts/Faces/RobotoBoldItalic.uexp" 132
"../../../Engine/Content/EngineFonts/Faces/RobotoBoldItalic.ufont" 133
"../../../Engine/Content/EngineFonts/Faces/RobotoBold.uasset" 134
"../../../Engine/Content/EngineFonts/Faces/RobotoBold.uexp" 135
"../../../Engine/Content/EngineFonts/Faces/RobotoBold.ufont" 136
"../../../Engine/Content/EngineFonts/Faces/DroidSansFallback.uasset" 137
"../../../Engine/Content/EngineFonts/Faces/DroidSansFallback.uexp" 138
"../../../Engine/Content/EngineFonts/Faces/DroidSansFallback.ufont" 139
"../../../Engine/Content/EngineFonts/Faces/RobotoRegular.uasset" 140
"../../../Engine/Content/EngineFonts/Faces/RobotoRegular.uexp" 141
"../../../Engine/Content/EngineFonts/Faces/RobotoRegular.ufont" 142
"../../../Engine/Content/EngineFonts/Faces/RobotoLight.uasset" 143
"../../../Engine/Content/EngineFonts/Faces/RobotoLight.uexp" 144
"../../../Engine/Content/EngineFonts/Faces/RobotoLight.ufont" 145
"../../../Engine/Content/EngineFonts/Faces/RobotoItalic.uasset" 146
"../../../Engine/Content/EngineFonts/Faces/RobotoItalic.uexp" 147
"../../../Engine/Content/EngineFonts/Faces/RobotoItalic.ufont" 148
"../../../Engine/Content/EngineFonts/Roboto.uasset" 149
"../../../Engine/Content/EngineFonts/Roboto.uexp" 150
"../../../Engine/Content/EngineMaterials/BaseFlattenNormalMap.uasset" 151
"../../../Engine/Content/EngineMaterials/BaseFlattenNormalMap.uexp" 152
"../../../Engine/Content/EngineMaterials/BaseFlattenGrayscaleMap.uasset" 153
"../../../Engine/Content/EngineMaterials/BaseFlattenGrayscaleMap.uexp" 154
"../../../Engine/Content/EngineMaterials/BaseFlattenEmissiveMap.uasset" 155
"../../../Engine/Content/EngineMaterials/BaseFlattenEmissiveMap.uexp" 156
"../../../Engine/Content/EngineMaterials/BaseFlattenDiffuseMap.uasset" 157
"../../../Engine/Content/EngineMaterials/BaseFlattenDiffuseMap.uexp" 158
"../../../Engine/Content/EngineMaterials/BaseFlattenMaterial.uasset" 159
"../../../Engine/Content/EngineMaterials/BaseFlattenMaterial.uexp" 160
"../../../Engine/Content/EngineMaterials/BlueNoise.uasset" 161
"../../../Engine/Content/EngineMaterials/BlueNoise.uexp" 162
"../../../Engine/Content/EngineMaterials/DefaultBloomKernel.uasset" 163
"../../../Engine/Content/EngineMaterials/DefaultBloomKernel.uexp" 164
"../../../Engine/Content/EngineMaterials/DefaultBokeh.uasset" 165
"../../../Engine/Content/EngineMaterials/DefaultBokeh.uexp" 166
"../../../Engine/Content/EngineMaterials/DefaultDiffuse.uasset" 167
"../../../Engine/Content/EngineMaterials/DefaultDiffuse.uexp" 168
"../../../Engine/Content/EngineMaterials/DefaultDiffuse.ubulk" 169
"../../../Engine/Content/EngineMaterials/DefaultDeferredDecalMaterial.uasset" 170
"../../../Engine/Content/EngineMaterials/DefaultDeferredDecalMaterial.uexp" 171
"../../../Engine/Content/EngineMaterials/DefaultLightFunctionMaterial.uasset" 172
"../../../Engine/Content/EngineMaterials/DefaultLightFunctionMaterial.uexp" 173
"../../../Engine/Content/EngineMaterials/DefaultPhysicalMaterial.uasset" 174
"../../../Engine/Content/EngineMaterials/DefaultPhysicalMaterial.uexp" 175
"../../../Engine/Content/Functions/Engine_MaterialFunctions02/Utility/BreakOutFloat2Components.uasset" 176
"../../../Engine/Content/Functions/Engine_MaterialFunctions02/Utility/BreakOutFloat2Components.uexp" 177
"../../../Engine/Content/EngineMaterials/DefaultPostProcessMaterial.uasset" 178
"../../../Engine/Content/EngineMaterials/DefaultPostProcessMaterial.uexp" 179
"../../../Engine/Content/EngineFonts/RobotoDistanceField.uasset" 180
"../../../Engine/Content/EngineFonts/RobotoDistanceField.uexp" 181
"../../../Engine/Content/EngineMaterials/DefaultTextMaterialOpaque.uasset" 182
"../../../Engine/Content/EngineMaterials/DefaultTextMaterialOpaque.uexp" 183
"../../../Engine/Content/EngineMaterials/DefaultWhiteGrid.uasset" 184
"../../../Engine/Content/EngineMaterials/DefaultWhiteGrid.uexp" 185
"../../../Engine/Content/EngineMaterials/DefaultWhiteGrid.ubulk" 186
"../../../Engine/Content/EngineMaterials/DefaultWhiteGrid_Low.uasset" 187
"../../../Engine/Content/EngineMaterials/DefaultWhiteGrid_Low.uexp" 188
"../../../Engine/Content/EngineMaterials/EmissiveMeshMaterial.uasset" 189
"../../../Engine/Content/EngineMaterials/EmissiveMeshMaterial.uexp" 190
"../../../Engine/Content/EngineMaterials/GizmoMaterial.uasset" 191
"../../../Engine/Content/EngineMaterials/GizmoMaterial.uexp" 192
"../../../Engine/Content/EngineMaterials/Good64x64TilingNoiseHighFreq.uasset" 193
"../../../Engine/Content/EngineMaterials/Good64x64TilingNoiseHighFreq.uexp" 194
"../../../Engine/Content/EngineMaterials/MiniFont.uasset" 195
"../../../Engine/Content/EngineMaterials/MiniFont.uexp" 196
"../../../Engine/Content/EngineMaterials/InvalidLightmapSettings.uasset" 197
"../../../Engine/Content/EngineMaterials/InvalidLightmapSettings.uexp" 198
"../../../Engine/Content/EngineMaterials/InvalidLightmapSettings.ubulk" 199
"../../../Engine/Content/EngineMaterials/M_InvalidLightmapSettings.uasset" 200
"../../../Engine/Content/EngineMaterials/M_InvalidLightmapSettings.uexp" 201
"../../../Engine/Content/Functions/Engine_MaterialFunctions02/WorldPositionOffset/CameraOffset.uasset" 202
"../../../Engine/Content/Functions/Engine_MaterialFunctions02/WorldPositionOffset/CameraOffset.uexp" 203
"../../../Engine/Content/EngineMaterials/PhAT_JointLimitMaterial.uasset" 204
"../../../Engine/Content/EngineMaterials/PhAT_JointLimitMaterial.uexp" 205
"../../../Engine/Content/EngineMaterials/DefaultCalibrationColor.uasset" 206
"../../../Engine/Content/EngineMaterials/DefaultCalibrationColor.uexp" 207
"../../../Engine/Content/EngineMaterials/PPM_DefaultCalibrationColor.uasset" 208
"../../../Engine/Content/EngineMaterials/PPM_DefaultCalibrationColor.uexp" 209
"../../../Engine/Content/EngineMaterials/DefaultCalibrationGrayscale.uasset" 210
"../../../Engine/Content/EngineMaterials/DefaultCalibrationGrayscale.uexp" 211
"../../../Engine/Content/EngineMaterials/PPM_DefaultCalibrationGrayscale.uasset" 212
"../../../Engine/Content/EngineMaterials/PPM_DefaultCalibrationGrayscale.uexp" 213
"../../../Engine/Content/EngineMaterials/PreintegratedSkinBRDF.uasset" 214
"../../../Engine/Content/EngineMaterials/PreintegratedSkinBRDF.uexp" 215
"../../../Engine/Content/EngineMaterials/RemoveSurfaceMaterial.uasset" 216
"../../../Engine/Content/EngineMaterials/RemoveSurfaceMaterial.uexp" 217
"../../../Engine/Content/EngineMaterials/WeightMapPlaceholderTexture.uasset" 218
"../../../Engine/Content/EngineMaterials/WeightMapPlaceholderTexture.uexp" 219
"../../../Engine/Content/EngineResources/WhiteSquareTexture.uasset" 220
"../../../Engine/Content/EngineResources/WhiteSquareTexture.uexp" 221
"../../../Engine/Content/EngineMaterials/Widget3DPassThrough.uasset" 222
"../../../Engine/Content/EngineMaterials/Widget3DPassThrough.uexp" 223
"../../../Engine/Content/EngineMaterials/Widget3DPassThrough_Masked.uasset" 224
"../../../Engine/Content/EngineMaterials/Widget3DPassThrough_Masked.uexp" 225
"../../../Engine/Content/EngineMaterials/Widget3DPassThrough_Opaque.uasset" 226
"../../../Engine/Content/EngineMaterials/Widget3DPassThrough_Opaque.uexp" 227
"../../../Engine/Content/EngineMaterials/Widget3DPassThrough_Masked_OneSided.uasset" 228
"../../../Engine/Content/EngineMaterials/Widget3DPassThrough_Masked_OneSided.uexp" 229
"../../../Engine/Content/EngineMaterials/Widget3DPassThrough_Opaque_OneSided.uasset" 230
"../../../Engine/Content/EngineMaterials/Widget3DPassThrough_Opaque_OneSided.uexp" 231
"../../../Engine/Content/EngineMaterials/Widget3DPassThrough_Translucent.uasset" 232
"../../../Engine/Content/EngineMaterials/Widget3DPassThrough_Translucent.uexp" 233
"../../../Engine/Content/EngineMaterials/Widget3DPassThrough_Translucent_OneSided.uasset" 234
"../../../Engine/Content/EngineMaterials/Widget3DPassThrough_Translucent_OneSided.uexp" 235
"../../../Engine/Content/EngineMeshes/Cylinder.uasset" 236
"../../../Engine/Content/EngineMeshes/Cylinder.uexp" 237
"../../../Engine/Content/EngineMeshes/Sphere.uasset" 238
"../../../Engine/Content/EngineMeshes/Sphere.uexp" 239
"../../../Engine/Content/EngineResources/DefaultTexture.uasset" 240
"../../../Engine/Content/EngineResources/DefaultTexture.uexp" 241
"../../../Engine/Content/EngineResources/DefaultTexture.ubulk" 242
"../../../Engine/Content/EngineResources/DefaultTextureCube.uasset" 243
"../../../Engine/Content/EngineResources/DefaultTextureCube.uexp" 244
"../../../Engine/Content/EngineResources/DefaultVolumeTexture2D.uasset" 245
"../../../Engine/Content/EngineResources/DefaultVolumeTexture2D.uexp" 246
"../../../Engine/Content/EngineResources/DefaultVolumeTexture.uasset" 247
"../../../Engine/Content/EngineResources/DefaultVolumeTexture.uexp" 248
"../../../Engine/Content/EngineResources/GradientTexture0.uasset" 249
"../../../Engine/Content/EngineResources/GradientTexture0.uexp" 250
"../../../Engine/Content/EngineSky/VolumetricClouds/T_NoiseShape64.uasset" 251
"../../../Engine/Content/EngineSky/VolumetricClouds/T_NoiseShape64.uexp" 252
"../../../Engine/Content/EngineSky/VolumetricClouds/T_NoiseShape64.ubulk" 253
"../../../Engine/Content/EngineSky/VolumetricClouds/T_VolumeNoiseShape64.uasset" 254
"../../../Engine/Content/EngineSky/VolumetricClouds/T_VolumeNoiseShape64.uexp" 255
"../../../Engine/Content/EngineSky/VolumetricClouds/T_NoiseErosion.uasset" 256
"../../../Engine/Content/EngineSky/VolumetricClouds/T_NoiseErosion.uexp" 257
"../../../Engine/Content/EngineSky/VolumetricClouds/T_NoiseErosion.ubulk" 258
"../../../Engine/Content/EngineSky/VolumetricClouds/T_VolumeNoiseErosion32.uasset" 259
"../../../Engine/Content/EngineSky/VolumetricClouds/T_VolumeNoiseErosion32.uexp" 260
"../../../Engine/Content/EngineSky/VolumetricClouds/CloudWeatherTexture.uasset" 261
"../../../Engine/Content/EngineSky/VolumetricClouds/CloudWeatherTexture.uexp" 262
"../../../Engine/Content/EngineSky/VolumetricClouds/CloudGradientTexture.uasset" 263
"../../../Engine/Content/EngineSky/VolumetricClouds/CloudGradientTexture.uexp" 264
"../../../Engine/Content/Functions/Engine_MaterialFunctions02/Utility/MakeFloat2.uasset" 265
"../../../Engine/Content/Functions/Engine_MaterialFunctions02/Utility/MakeFloat2.uexp" 266
"../../../Engine/Content/EngineSky/VolumetricClouds/m_SimpleVolumetricCloud.uasset" 267
"../../../Engine/Content/EngineSky/VolumetricClouds/m_SimpleVolumetricCloud.uexp" 268
"../../../Engine/Content/EngineSky/VolumetricClouds/m_SimpleVolumetricCloud_Inst.uasset" 269
"../../../Engine/Content/EngineSky/VolumetricClouds/m_SimpleVolumetricCloud_Inst.uexp" 270
"../../../Engine/Content/EngineSounds/Master.uasset" 271
"../../../Engine/Content/EngineSounds/Master.uexp" 272
"../../../Engine/Content/Functions/Engine_MaterialFunctions01/Shading/PowerToRoughness.uasset" 273
"../../../Engine/Content/Functions/Engine_MaterialFunctions01/Shading/PowerToRoughness.uexp" 274
"../../../Engine/Content/Maps/Templates/Thumbnails/Default.uasset" 275
"../../../Engine/Content/Maps/Templates/Thumbnails/Default.uexp" 276
"../../../Engine/Content/Maps/Templates/Thumbnails/TimeOfDay.uasset" 277
"../../../Engine/Content/Maps/Templates/Thumbnails/TimeOfDay.uexp" 278
"../../../Engine/Content/Maps/Templates/Thumbnails/VR-Basic.uasset" 279
"../../../Engine/Content/Maps/Templates/Thumbnails/VR-Basic.uexp" 280
"../../../Engine/Content/MobileResources/T_MobileControls_texture.uasset" 281
"../../../Engine/Content/MobileResources/T_MobileControls_texture.uexp" 282
"../../../Engine/Content/MobileResources/T_MobileMenu2.uasset" 283
"../../../Engine/Content/MobileResources/T_MobileMenu2.uexp" 284
"../../../Engine/Content/MobileResources/HUD/AnalogHat.uasset" 285
"../../../Engine/Content/MobileResources/HUD/AnalogHat.uexp" 286
"../../../Engine/Content/MobileResources/HUD/VirtualJoystick_Thumb.uasset" 287
"../../../Engine/Content/MobileResources/HUD/VirtualJoystick_Thumb.uexp" 288
"../../../Engine/Content/MobileResources/HUD/VirtualJoystick_Background.uasset" 289
"../../../Engine/Content/MobileResources/HUD/VirtualJoystick_Background.uexp" 290
"../../../Engine/Content/MobileResources/HUD/DefaultVirtualJoysticks.uasset" 291
"../../../Engine/Content/MobileResources/HUD/DefaultVirtualJoysticks.uexp" 292
"../../../Engine/Content/MobileResources/HUD/LeftVirtualJoystickOnly.uasset" 293
"../../../Engine/Content/MobileResources/HUD/LeftVirtualJoystickOnly.uexp" 294
"../../../Engine/Content/MobileResources/HUD/MobileHUDButton1_off.uasset" 295
"../../../Engine/Content/MobileResources/HUD/MobileHUDButton1_off.uexp" 296
"../../../Engine/Content/MobileResources/HUD/MobileHUDButton1_on.uasset" 297
"../../../Engine/Content/MobileResources/HUD/MobileHUDButton1_on.uexp" 298
"../../../Engine/Content/MobileResources/HUD/MobileHUDButton2_off.uasset" 299
"../../../Engine/Content/MobileResources/HUD/MobileHUDButton2_off.uexp" 300
"../../../Engine/Content/MobileResources/HUD/MobileHUDButton2_on.uasset" 301
"../../../Engine/Content/MobileResources/HUD/MobileHUDButton2_on.uexp" 302
"../../../Engine/Content/MobileResources/HUD/MobileHUDButton3.uasset" 303
"../../../Engine/Content/MobileResources/HUD/MobileHUDButton3.uexp" 304
"../../../Engine/Content/MobileResources/HUD/MobileHUDButtonFire.uasset" 305
"../../../Engine/Content/MobileResources/HUD/MobileHUDButtonFire.uexp" 306
"../../../Engine/Content/MobileResources/HUD/MobileHUDDirectionPad.uasset" 307
"../../../Engine/Content/MobileResources/HUD/MobileHUDDirectionPad.uexp" 308
"../../../Engine/Content/MobileResources/HUD/MobileHUDDirectionPad2.uasset" 309
"../../../Engine/Content/MobileResources/HUD/MobileHUDDirectionPad2.uexp" 310
"../../../Engine/Content/MobileResources/HUD/MobileHUDDirectionPad3.uasset" 311
"../../../Engine/Content/MobileResources/HUD/MobileHUDDirectionPad3.uexp" 312
"../../../Engine/Content/MobileResources/HUD/MobileHUDDirectionStick.uasset" 313
"../../../Engine/Content/MobileResources/HUD/MobileHUDDirectionStick.uexp" 314
"../../../Engine/Content/MobileResources/HUD/T_Castle_ThumbstickInner.uasset" 315
"../../../Engine/Content/MobileResources/HUD/T_Castle_ThumbstickInner.uexp" 316
"../../../Engine/Content/MobileResources/HUD/T_Castle_ThumbstickOutter.uasset" 317
"../../../Engine/Content/MobileResources/HUD/T_Castle_ThumbstickOutter.uexp" 318
"../../../Engine/Content/Tutorial/ContentIntroCurve.uasset" 319
"../../../Engine/Content/Tutorial/ContentIntroCurve.uexp" 320
"../../../Engine/Content/VREditor/TransformGizmo/TranslucentTransformGizmoMaterial.uasset" 321
"../../../Engine/Content/VREditor/TransformGizmo/TranslucentTransformGizmoMaterial.uexp" 322
"../../../Engine/Content/VREditor/LaserPointer/VR_LaserPower_01.uasset" 323
"../../../Engine/Content/VREditor/LaserPointer/VR_LaserPower_01.uexp" 324
"../../../Engine/Content/VREditor/LaserPointer/VR_LaserPower_01.ubulk" 325
"../../../Engine/Content/VREditor/TransformGizmo/TransformGizmoMaterial.uasset" 326
"../../../Engine/Content/VREditor/TransformGizmo/TransformGizmoMaterial.uexp" 327
"../../../Engine/Content/VREditor/TransformGizmo/BoundingBoxCorner.uasset" 328
"../../../Engine/Content/VREditor/TransformGizmo/BoundingBoxCorner.uexp" 329
"../../../Engine/Content/VREditor/TransformGizmo/BoundingBoxEdge.uasset" 330
"../../../Engine/Content/VREditor/TransformGizmo/BoundingBoxEdge.uexp" 331
"../../../Engine/Content/VREditor/TransformGizmo/PlaneTranslationHandle.uasset" 332
"../../../Engine/Content/VREditor/TransformGizmo/PlaneTranslationHandle.uexp" 333
"../../../Engine/Content/VREditor/TransformGizmo/Xray.uasset" 334
"../../../Engine/Content/VREditor/TransformGizmo/Xray.uexp" 335
"../../../Engine/Content/VREditor/TransformGizmo/Main.uasset" 336
"../../../Engine/Content/VREditor/TransformGizmo/Main.uexp" 337
"../../../Engine/Content/VREditor/TransformGizmo/SM_Sequencer_Key.uasset" 338
"../../../Engine/Content/VREditor/TransformGizmo/SM_Sequencer_Key.uexp" 339
"../../../Engine/Content/VREditor/TransformGizmo/SM_Sequencer_Node.uasset" 340
"../../../Engine/Content/VREditor/TransformGizmo/SM_Sequencer_Node.uexp" 341
"../../../Engine/Plugins/2D/Paper2D/Content/PlaceholderTextures/DummySpriteTexture.uasset" 342
"../../../Engine/Plugins/2D/Paper2D/Content/PlaceholderTextures/DummySpriteTexture.uexp" 343
"../../../Engine/Plugins/2D/Paper2D/Content/PlaceholderTextures/DummySpriteTexture.ubulk" 344
"../../../Engine/Plugins/2D/Paper2D/Content/DummySprite.uasset" 345
"../../../Engine/Plugins/2D/Paper2D/Content/DummySprite.uexp" 346
"../../../Engine/Plugins/2D/Paper2D/Content/DefaultPaperTerrainMaterial.uasset" 347
"../../../Engine/Plugins/2D/Paper2D/Content/DefaultPaperTerrainMaterial.uexp" 348
"../../../Engine/Plugins/2D/Paper2D/Content/DefaultSpriteMaterial.uasset" 349
"../../../Engine/Plugins/2D/Paper2D/Content/DefaultSpriteMaterial.uexp" 350
"../../../Engine/Plugins/2D/Paper2D/Content/MaskedUnlitSpriteMaterial.uasset" 351
"../../../Engine/Plugins/2D/Paper2D/Content/MaskedUnlitSpriteMaterial.uexp" 352
"../../../Engine/Plugins/2D/Paper2D/Content/OpaqueUnlitSpriteMaterial.uasset" 353
"../../../Engine/Plugins/2D/Paper2D/Content/OpaqueUnlitSpriteMaterial.uexp" 354
"../../../Engine/Content/Functions/Engine_MaterialFunctions02/Utility/BreakOutFloat3Components.uasset" 355
"../../../Engine/Content/Functions/Engine_MaterialFunctions02/Utility/BreakOutFloat3Components.uexp" 356
"../../../Engine/Plugins/Editor/SpeedTreeImporter/Content/SpeedTree9/UnpackInteger3.uasset" 357
"../../../Engine/Plugins/Editor/SpeedTreeImporter/Content/SpeedTree9/UnpackInteger3.uexp" 358
"../../../Engine/Plugins/Editor/SpeedTreeImporter/Content/SpeedTree9/UnpackDirection.uasset" 359
"../../../Engine/Plugins/Editor/SpeedTreeImporter/Content/SpeedTree9/UnpackDirection.uexp" 360
"../../../Engine/Plugins/Editor/SpeedTreeImporter/Content/SpeedTree9/game_wind_noise.uasset" 361
"../../../Engine/Plugins/Editor/SpeedTreeImporter/Content/SpeedTree9/game_wind_noise.uexp" 362
"../../../Engine/Plugins/Editor/SpeedTreeImporter/Content/SpeedTree9/game_wind_noise.ubulk" 363
"../../../Engine/Content/Functions/Engine_MaterialFunctions02/SafeNormalize.uasset" 364
"../../../Engine/Content/Functions/Engine_MaterialFunctions02/SafeNormalize.uexp" 365
"../../../Engine/Plugins/Editor/SpeedTreeImporter/Content/SpeedTree9/SpeedTreeWindMotion.uasset" 366
"../../../Engine/Plugins/Editor/SpeedTreeImporter/Content/SpeedTree9/SpeedTreeWindMotion.uexp" 367
"../../../Engine/Plugins/Editor/SpeedTreeImporter/Content/SpeedTree9/SpeedTreeBranchMotion.uasset" 368
"../../../Engine/Plugins/Editor/SpeedTreeImporter/Content/SpeedTree9/SpeedTreeBranchMotion.uexp" 369
"../../../Engine/Content/Functions/Engine_MaterialFunctions02/ObjectLocalBounds.uasset" 370
"../../../Engine/Content/Functions/Engine_MaterialFunctions02/ObjectLocalBounds.uexp" 371
"../../../Engine/Content/Functions/Engine_MaterialFunctions02/UVs/BoundingBoxBased_0-1_UVW.uasset" 372
"../../../Engine/Content/Functions/Engine_MaterialFunctions02/UVs/BoundingBoxBased_0-1_UVW.uexp" 373
"../../../Engine/Content/Functions/Engine_MaterialFunctions02/Utility/VectorLength.uasset" 374
"../../../Engine/Content/Functions/Engine_MaterialFunctions02/Utility/VectorLength.uexp" 375
"../../../Engine/Content/Functions/Engine_MaterialFunctions02/WorldPositionOffset/ObjectScale.uasset" 376
"../../../Engine/Content/Functions/Engine_MaterialFunctions02/WorldPositionOffset/ObjectScale.uexp" 377
"../../../Engine/Plugins/Editor/SpeedTreeImporter/Content/SpeedTree9/SpeedTreeWind.uasset" 378
"../../../Engine/Plugins/Editor/SpeedTreeImporter/Content/SpeedTree9/SpeedTreeWind.uexp" 379
"../../../Engine/Plugins/Editor/SpeedTreeImporter/Content/SpeedTree9/SpeedTreeBillboard.uasset" 380
"../../../Engine/Plugins/Editor/SpeedTreeImporter/Content/SpeedTree9/SpeedTreeBillboard.uexp" 381
"../../../Engine/Plugins/Editor/SpeedTreeImporter/Content/SpeedTree9/EmptyNormal.uasset" 382
"../../../Engine/Plugins/Editor/SpeedTreeImporter/Content/SpeedTree9/EmptyNormal.uexp" 383
"../../../Engine/Plugins/Editor/SpeedTreeImporter/Content/SpeedTree9/Empty.uasset" 384
"../../../Engine/Plugins/Editor/SpeedTreeImporter/Content/SpeedTree9/Empty.uexp" 385
"../../../Engine/Plugins/Editor/SpeedTreeImporter/Content/SpeedTree9/SpeedTreeBillboardMaster.uasset" 386
"../../../Engine/Plugins/Editor/SpeedTreeImporter/Content/SpeedTree9/SpeedTreeBillboardMaster.uexp" 387
"../../../Engine/Plugins/Editor/SpeedTreeImporter/Content/SpeedTree9/SpeedTreeCameraFacing.uasset" 388
"../../../Engine/Plugins/Editor/SpeedTreeImporter/Content/SpeedTree9/SpeedTreeCameraFacing.uexp" 389
"../../../Engine/Plugins/Editor/SpeedTreeImporter/Content/SpeedTree9/SpeedTreeMaster.uasset" 390
"../../../Engine/Plugins/Editor/SpeedTreeImporter/Content/SpeedTree9/SpeedTreeMaster.uexp" 391
"../../../Engine/Content/BasicShapes/Cylinder.uasset" 392
"../../../Engine/Content/BasicShapes/Cylinder.uexp" 393
"../../../Engine/Content/ArtTools/RenderToTexture/Materials/Debug/M_Emissive_Color.uasset" 394
"../../../Engine/Content/ArtTools/RenderToTexture/Materials/Debug/M_Emissive_Color.uexp" 395
"../../../Engine/Plugins/Lumin/MagicLeapPassableWorld/Content/MagicLeapARPinInfoActor.uasset" 396
"../../../Engine/Plugins/Lumin/MagicLeapPassableWorld/Content/MagicLeapARPinInfoActor.uexp" 397
"../../../Engine/Plugins/Runtime/OpenXR/Content/Devices/GoogleDaydream/MRTexture.uasset" 398
"../../../Engine/Plugins/Runtime/OpenXR/Content/Devices/GoogleDaydream/MRTexture.uexp" 399
"../../../Engine/Plugins/Runtime/OpenXR/Content/Devices/GoogleDaydream/MRTexture.ubulk" 400
"../../../Engine/Plugins/Runtime/OpenXR/Content/Devices/GoogleDaydream/BaseTexture.uasset" 401
"../../../Engine/Plugins/Runtime/OpenXR/Content/Devices/GoogleDaydream/BaseTexture.uexp" 402
"../../../Engine/Plugins/Runtime/OpenXR/Content/Devices/GoogleDaydream/BaseTexture.ubulk" 403
"../../../Engine/Content/EngineResources/Black.uasset" 404
"../../../Engine/Content/EngineResources/Black.uexp" 405
"../../../Engine/Plugins/Runtime/OpenXR/Content/Devices/M_XRController.uasset" 406
"../../../Engine/Plugins/Runtime/OpenXR/Content/Devices/M_XRController.uexp" 407
"../../../Engine/Plugins/Runtime/OpenXR/Content/Devices/GoogleDaydream/MI_GoogleDaydream.uasset" 408
"../../../Engine/Plugins/Runtime/OpenXR/Content/Devices/GoogleDaydream/MI_GoogleDaydream.uexp" 409
"../../../Engine/Plugins/Runtime/OpenXR/Content/Devices/GoogleDaydream/GoogleDaydreamController.uasset" 410
"../../../Engine/Plugins/Runtime/OpenXR/Content/Devices/GoogleDaydream/GoogleDaydreamController.uexp" 411
"../../../Engine/Plugins/Runtime/OpenXR/Content/Devices/HTCVive/BaseTexture.uasset" 412
"../../../Engine/Plugins/Runtime/OpenXR/Content/Devices/HTCVive/BaseTexture.uexp" 413
"../../../Engine/Plugins/Runtime/OpenXR/Content/Devices/HTCVive/BaseTexture.ubulk" 414
"../../../Engine/Plugins/Runtime/OpenXR/Content/Devices/HTCVive/MI_HTCVive.uasset" 415
"../../../Engine/Plugins/Runtime/OpenXR/Content/Devices/HTCVive/MI_HTCVive.uexp" 416
"../../../Engine/Plugins/Runtime/OpenXR/Content/Devices/HTCVive/HTCViveController.uasset" 417
"../../../Engine/Plugins/Runtime/OpenXR/Content/Devices/HTCVive/HTCViveController.uexp" 418
"../../../Engine/Plugins/Runtime/OpenXR/Content/Devices/MicrosoftMixedReality/NormalTexture.uasset" 419
"../../../Engine/Plugins/Runtime/OpenXR/Content/Devices/MicrosoftMixedReality/NormalTexture.uexp" 420
"../../../Engine/Plugins/Runtime/OpenXR/Content/Devices/MicrosoftMixedReality/NormalTexture.ubulk" 421
"../../../Engine/Plugins/Runtime/OpenXR/Content/Devices/MicrosoftMixedReality/MRTexture.uasset" 422
"../../../Engine/Plugins/Runtime/OpenXR/Content/Devices/MicrosoftMixedReality/MRTexture.uexp" 423
"../../../Engine/Plugins/Runtime/OpenXR/Content/Devices/MicrosoftMixedReality/MRTexture.ubulk" 424
"../../../Engine/Plugins/Runtime/OpenXR/Content/Devices/MicrosoftMixedReality/EmissiveTexture.uasset" 425
"../../../Engine/Plugins/Runtime/OpenXR/Content/Devices/MicrosoftMixedReality/EmissiveTexture.uexp" 426
"../../../Engine/Plugins/Runtime/OpenXR/Content/Devices/MicrosoftMixedReality/EmissiveTexture.ubulk" 427
"../../../Engine/Plugins/Runtime/OpenXR/Content/Devices/MicrosoftMixedReality/BaseTexture.uasset" 428
"../../../Engine/Plugins/Runtime/OpenXR/Content/Devices/MicrosoftMixedReality/BaseTexture.uexp" 429
"../../../Engine/Plugins/Runtime/OpenXR/Content/Devices/MicrosoftMixedReality/BaseTexture.ubulk" 430
"../../../Engine/Plugins/Runtime/OpenXR/Content/Devices/MicrosoftMixedReality/MI_MicrosoftMixedReality.uasset" 431
"../../../Engine/Plugins/Runtime/OpenXR/Content/Devices/MicrosoftMixedReality/MI_MicrosoftMixedReality.uexp" 432
"../../../Engine/Plugins/Runtime/OpenXR/Content/Devices/MicrosoftMixedReality/Left/left_MicrosoftMixedRealityController.uasset" 433
"../../../Engine/Plugins/Runtime/OpenXR/Content/Devices/MicrosoftMixedReality/Left/left_MicrosoftMixedRealityController.uexp" 434
"../../../Engine/Plugins/Runtime/OpenXR/Content/Devices/MicrosoftMixedReality/Right/right_MicrosoftMixedRealityController.uasset" 435
"../../../Engine/Plugins/Runtime/OpenXR/Content/Devices/MicrosoftMixedReality/Right/right_MicrosoftMixedRealityController.uexp" 436
"../../../Engine/Plugins/Runtime/OpenXR/Content/Devices/OculusGo/BaseTexture.uasset" 437
"../../../Engine/Plugins/Runtime/OpenXR/Content/Devices/OculusGo/BaseTexture.uexp" 438
"../../../Engine/Plugins/Runtime/OpenXR/Content/Devices/OculusGo/BaseTexture.ubulk" 439
"../../../Engine/Plugins/Runtime/OpenXR/Content/Devices/OculusGo/MI_OculusGo.uasset" 440
"../../../Engine/Plugins/Runtime/OpenXR/Content/Devices/OculusGo/MI_OculusGo.uexp" 441
"../../../Engine/Plugins/Runtime/OpenXR/Content/Devices/OculusGo/OculusGoController.uasset" 442
"../../../Engine/Plugins/Runtime/OpenXR/Content/Devices/OculusGo/OculusGoController.uexp" 443
"../../../Engine/Plugins/Runtime/OpenXR/Content/Devices/OculusTouch/MRTexture.uasset" 444
"../../../Engine/Plugins/Runtime/OpenXR/Content/Devices/OculusTouch/MRTexture.uexp" 445
"../../../Engine/Plugins/Runtime/OpenXR/Content/Devices/OculusTouch/MRTexture.ubulk" 446
"../../../Engine/Plugins/Runtime/OpenXR/Content/Devices/OculusTouch/BaseTexture.uasset" 447
"../../../Engine/Plugins/Runtime/OpenXR/Content/Devices/OculusTouch/BaseTexture.uexp" 448
"../../../Engine/Plugins/Runtime/OpenXR/Content/Devices/OculusTouch/BaseTexture.ubulk" 449
"../../../Engine/Plugins/Runtime/OpenXR/Content/Devices/OculusTouch/MI_OculusTouch.uasset" 450
"../../../Engine/Plugins/Runtime/OpenXR/Content/Devices/OculusTouch/MI_OculusTouch.uexp" 451
"../../../Engine/Plugins/Runtime/OpenXR/Content/Devices/OculusTouch/Left/left_OculusTouchController.uasset" 452
"../../../Engine/Plugins/Runtime/OpenXR/Content/Devices/OculusTouch/Left/left_OculusTouchController.uexp" 453
"../../../Engine/Plugins/Runtime/OpenXR/Content/Devices/OculusTouch/Right/right_OculusTouchController.uasset" 454
"../../../Engine/Plugins/Runtime/OpenXR/Content/Devices/OculusTouch/Right/right_OculusTouchController.uexp" 455
"../../../Engine/Plugins/Runtime/OpenXR/Content/Devices/OculusTouch_v2/MRTexture.uasset" 456
"../../../Engine/Plugins/Runtime/OpenXR/Content/Devices/OculusTouch_v2/MRTexture.uexp" 457
"../../../Engine/Plugins/Runtime/OpenXR/Content/Devices/OculusTouch_v2/MRTexture.ubulk" 458
"../../../Engine/Plugins/Runtime/OpenXR/Content/Devices/OculusTouch_v2/BaseTexture.uasset" 459
"../../../Engine/Plugins/Runtime/OpenXR/Content/Devices/OculusTouch_v2/BaseTexture.uexp" 460
"../../../Engine/Plugins/Runtime/OpenXR/Content/Devices/OculusTouch_v2/BaseTexture.ubulk" 461
"../../../Engine/Plugins/Runtime/OpenXR/Content/Devices/OculusTouch_v2/MI_OculusTouch_v2.uasset" 462
"../../../Engine/Plugins/Runtime/OpenXR/Content/Devices/OculusTouch_v2/MI_OculusTouch_v2.uexp" 463
"../../../Engine/Plugins/Runtime/OpenXR/Content/Devices/OculusTouch_v2/Left/left_OculusTouch_v2Controller.uasset" 464
"../../../Engine/Plugins/Runtime/OpenXR/Content/Devices/OculusTouch_v2/Left/left_OculusTouch_v2Controller.uexp" 465
"../../../Engine/Plugins/Runtime/OpenXR/Content/Devices/OculusTouch_v2/Right/right_OculusTouch_v2Controller.uasset" 466
"../../../Engine/Plugins/Runtime/OpenXR/Content/Devices/OculusTouch_v2/Right/right_OculusTouch_v2Controller.uexp" 467
"../../../Engine/Plugins/Runtime/OpenXR/Content/Devices/OculusTouch_v3/MRTexture.uasset" 468
"../../../Engine/Plugins/Runtime/OpenXR/Content/Devices/OculusTouch_v3/MRTexture.uexp" 469
"../../../Engine/Plugins/Runtime/OpenXR/Content/Devices/OculusTouch_v3/MRTexture.ubulk" 470
"../../../Engine/Plugins/Runtime/OpenXR/Content/Devices/OculusTouch_v3/BaseTexture.uasset" 471
"../../../Engine/Plugins/Runtime/OpenXR/Content/Devices/OculusTouch_v3/BaseTexture.uexp" 472
"../../../Engine/Plugins/Runtime/OpenXR/Content/Devices/OculusTouch_v3/BaseTexture.ubulk" 473
"../../../Engine/Plugins/Runtime/OpenXR/Content/Devices/OculusTouch_v3/MI_OculusTouch_v3.uasset" 474
"../../../Engine/Plugins/Runtime/OpenXR/Content/Devices/OculusTouch_v3/MI_OculusTouch_v3.uexp" 475
"../../../Engine/Plugins/Runtime/OpenXR/Content/Devices/OculusTouch_v3/Left/left_OculusTouch_v3Controller.uasset" 476
"../../../Engine/Plugins/Runtime/OpenXR/Content/Devices/OculusTouch_v3/Left/left_OculusTouch_v3Controller.uexp" 477
"../../../Engine/Plugins/Runtime/OpenXR/Content/Devices/OculusTouch_v3/Right/right_OculusTouch_v3Controller.uasset" 478
"../../../Engine/Plugins/Runtime/OpenXR/Content/Devices/OculusTouch_v3/Right/right_OculusTouch_v3Controller.uexp" 479
"../../../Engine/Plugins/Runtime/OpenXR/Content/Devices/ValveIndex/MRTexture.uasset" 480
"../../../Engine/Plugins/Runtime/OpenXR/Content/Devices/ValveIndex/MRTexture.uexp" 481
"../../../Engine/Plugins/Runtime/OpenXR/Content/Devices/ValveIndex/MRTexture.ubulk" 482
"../../../Engine/Plugins/Runtime/OpenXR/Content/Devices/ValveIndex/BaseTexture.uasset" 483
"../../../Engine/Plugins/Runtime/OpenXR/Content/Devices/ValveIndex/BaseTexture.uexp" 484
"../../../Engine/Plugins/Runtime/OpenXR/Content/Devices/ValveIndex/BaseTexture.ubulk" 485
"../../../Engine/Plugins/Runtime/OpenXR/Content/Devices/ValveIndex/Left/MI_left_ValveIndex.uasset" 486
"../../../Engine/Plugins/Runtime/OpenXR/Content/Devices/ValveIndex/Left/MI_left_ValveIndex.uexp" 487
"../../../Engine/Plugins/Runtime/OpenXR/Content/Devices/ValveIndex/Left/left_ValveIndexController.uasset" 488
"../../../Engine/Plugins/Runtime/OpenXR/Content/Devices/ValveIndex/Left/left_ValveIndexController.uexp" 489
"../../../Engine/Plugins/Runtime/OpenXR/Content/Devices/ValveIndex/Right/MI_right_ValveIndex.uasset" 490
"../../../Engine/Plugins/Runtime/OpenXR/Content/Devices/ValveIndex/Right/MI_right_ValveIndex.uexp" 491
"../../../Engine/Plugins/Runtime/OpenXR/Content/Devices/ValveIndex/Right/right_ValveIndexController.uasset" 492
"../../../Engine/Plugins/Runtime/OpenXR/Content/Devices/ValveIndex/Right/right_ValveIndexController.uexp" 493
"../../../Engine/Content/Functions/Engine_MaterialFunctions02/Utility/BreakOutFloat4Components.uasset" 494
"../../../Engine/Content/Functions/Engine_MaterialFunctions02/Utility/BreakOutFloat4Components.uexp" 495
"../../../Engine/Content/Functions/Engine_MaterialFunctions02/Utility/MakeFloat3.uasset" 496
"../../../Engine/Content/Functions/Engine_MaterialFunctions02/Utility/MakeFloat3.uexp" 497
"../../../Engine/Plugins/Runtime/Oculus/OculusVR/Content/Materials/OculusMR_ChromaKey.uasset" 498
"../../../Engine/Plugins/Runtime/Oculus/OculusVR/Content/Materials/OculusMR_ChromaKey.uexp" 499
"../../../Engine/Plugins/Runtime/Oculus/OculusVR/Content/Materials/OculusMR_OpaqueColoredMaterial.uasset" 500
"../../../Engine/Plugins/Runtime/Oculus/OculusVR/Content/Materials/OculusMR_OpaqueColoredMaterial.uexp" 501
"../../../Engine/Plugins/Runtime/Oculus/OculusVR/Content/Materials/PokeAHoleMaterial.uasset" 502
"../../../Engine/Plugins/Runtime/Oculus/OculusVR/Content/Materials/PokeAHoleMaterial.uexp" 503
"../../../Engine/Plugins/Runtime/Oculus/OculusVR/Content/Textures/touchController_controlmap.uasset" 504
"../../../Engine/Plugins/Runtime/Oculus/OculusVR/Content/Textures/touchController_controlmap.uexp" 505
"../../../Engine/Plugins/Runtime/Oculus/OculusVR/Content/Textures/touchController_controlmap.ubulk" 506
"../../../Engine/Plugins/Runtime/Oculus/OculusVR/Content/Textures/touchController_albedo.uasset" 507
"../../../Engine/Plugins/Runtime/Oculus/OculusVR/Content/Textures/touchController_albedo.uexp" 508
"../../../Engine/Plugins/Runtime/Oculus/OculusVR/Content/Textures/touchController_albedo.ubulk" 509
"../../../Engine/Plugins/Runtime/Oculus/OculusVR/Content/Materials/touchController_mat.uasset" 510
"../../../Engine/Plugins/Runtime/Oculus/OculusVR/Content/Materials/touchController_mat.uexp" 511
"../../../Engine/Plugins/Runtime/Oculus/OculusVR/Content/Meshes/LeftTouchController.uasset" 512
"../../../Engine/Plugins/Runtime/Oculus/OculusVR/Content/Meshes/LeftTouchController.uexp" 513
"../../../Engine/Plugins/Runtime/Oculus/OculusVR/Content/Textures/TouchForQuestRiftSController_albedo.uasset" 514
"../../../Engine/Plugins/Runtime/Oculus/OculusVR/Content/Textures/TouchForQuestRiftSController_albedo.uexp" 515
"../../../Engine/Plugins/Runtime/Oculus/OculusVR/Content/Textures/TouchForQuestRiftSController_albedo.ubulk" 516
"../../../Engine/Plugins/Runtime/Oculus/OculusVR/Content/Materials/TouchForQuestRiftSControllerMaterial.uasset" 517
"../../../Engine/Plugins/Runtime/Oculus/OculusVR/Content/Materials/TouchForQuestRiftSControllerMaterial.uexp" 518
"../../../Engine/Plugins/Runtime/Oculus/OculusVR/Content/Meshes/LeftTouchForQuestRiftSController.uasset" 519
"../../../Engine/Plugins/Runtime/Oculus/OculusVR/Content/Meshes/LeftTouchForQuestRiftSController.uexp" 520
"../../../Engine/Plugins/Runtime/Oculus/OculusVR/Content/Meshes/RiftHMD.uasset" 521
"../../../Engine/Plugins/Runtime/Oculus/OculusVR/Content/Meshes/RiftHMD.uexp" 522
"../../../Engine/Plugins/Runtime/Oculus/OculusVR/Content/Meshes/RightTouchController.uasset" 523
"../../../Engine/Plugins/Runtime/Oculus/OculusVR/Content/Meshes/RightTouchController.uexp" 524
"../../../Engine/Plugins/Runtime/Oculus/OculusVR/Content/Meshes/RightTouchForQuestRiftSController.uasset" 525
"../../../Engine/Plugins/Runtime/Oculus/OculusVR/Content/Meshes/RightTouchForQuestRiftSController.uexp" 526
"C:/Users/user/Documents/Unreal Projects/progpazdziernik/Content/mesh/meshpodlogalab.uasset" 527
"C:/Users/user/Documents/Unreal Projects/progpazdziernik/Content/mesh/meshpodlogalab.uexp" 528
"../../../Engine/Content/MapTemplates/SM_Template_Map_Floor.uasset" 529
"../../../Engine/Content/MapTemplates/SM_Template_Map_Floor.uexp" 530
"../../../Engine/Content/EngineSky/T_Sky_Stars.uasset" 531
"../../../Engine/Content/EngineSky/T_Sky_Stars.uexp" 532
"../../../Engine/Content/EngineSky/T_Sky_Stars.ubulk" 533
"../../../Engine/Content/EngineSky/T_Sky_Clouds_M.uasset" 534
"../../../Engine/Content/EngineSky/T_Sky_Clouds_M.uexp" 535
"../../../Engine/Content/EngineSky/T_Sky_Clouds_M.ubulk" 536
"../../../Engine/Content/EngineSky/T_Sky_Blue.uasset" 537
"../../../Engine/Content/EngineSky/T_Sky_Blue.uexp" 538
"../../../Engine/Content/EngineSky/T_Sky_Blue.ubulk" 539
"../../../Engine/Content/EngineSky/M_Sky_Panning_Clouds2.uasset" 540
"../../../Engine/Content/EngineSky/M_Sky_Panning_Clouds2.uexp" 541
"../../../Engine/Content/EngineSky/SM_SkySphere.uasset" 542
"../../../Engine/Content/EngineSky/SM_SkySphere.uexp" 543
"../../../Engine/Content/EngineSky/C_Sky_Zenith_Color.uasset" 544
"../../../Engine/Content/EngineSky/C_Sky_Zenith_Color.uexp" 545
"../../../Engine/Content/EngineSky/C_Sky_Horizon_Color.uasset" 546
"../../../Engine/Content/EngineSky/C_Sky_Horizon_Color.uexp" 547
"../../../Engine/Content/EngineSky/C_Sky_Cloud_Color.uasset" 548
"../../../Engine/Content/EngineSky/C_Sky_Cloud_Color.uexp" 549
"../../../Engine/Content/EditorBlueprintResources/StandardMacros.uasset" 550
"../../../Engine/Content/EditorBlueprintResources/StandardMacros.uexp" 551
"../../../Engine/Content/EngineSky/BP_Sky_Sphere.uasset" 552
"../../../Engine/Content/EngineSky/BP_Sky_Sphere.uexp" 553
"C:/Users/user/Documents/Unreal Projects/progpazdziernik/Content/mapy/labirynt_BuiltData.uasset" 554
"C:/Users/user/Documents/Unreal Projects/progpazdziernik/Content/mapy/labirynt_BuiltData.uexp" 555
"C:/Users/user/Documents/Unreal Projects/progpazdziernik/Content/mapy/labirynt_BuiltData.ubulk" 556
"../../../Engine/Content/BasicShapes/BasicShapeMaterial.uasset" 557
"../../../Engine/Content/BasicShapes/BasicShapeMaterial.uexp" 558
"../../../Engine/Content/BasicShapes/Sphere.uasset" 559
"../../../Engine/Content/BasicShapes/Sphere.uexp" 560
"C:/Users/user/Documents/Unreal Projects/progpazdziernik/Content/StarterContent/Textures/T_Brick_Hewn_Stone_N.uasset" 561
"C:/Users/user/Documents/Unreal Projects/progpazdziernik/Content/StarterContent/Textures/T_Brick_Hewn_Stone_N.uexp" 562
"C:/Users/user/Documents/Unreal Projects/progpazdziernik/Content/StarterContent/Textures/T_Brick_Hewn_Stone_N.ubulk" 563
"C:/Users/user/Documents/Unreal Projects/progpazdziernik/Content/StarterContent/Textures/T_Brick_Hewn_Stone_M.uasset" 564
"C:/Users/user/Documents/Unreal Projects/progpazdziernik/Content/StarterContent/Textures/T_Brick_Hewn_Stone_M.uexp" 565
"C:/Users/user/Documents/Unreal Projects/progpazdziernik/Content/StarterContent/Textures/T_Brick_Hewn_Stone_M.ubulk" 566
"C:/Users/user/Documents/Unreal Projects/progpazdziernik/Content/StarterContent/Textures/T_Brick_Hewn_Stone_D.uasset" 567
"C:/Users/user/Documents/Unreal Projects/progpazdziernik/Content/StarterContent/Textures/T_Brick_Hewn_Stone_D.uexp" 568
"C:/Users/user/Documents/Unreal Projects/progpazdziernik/Content/StarterContent/Textures/T_Brick_Hewn_Stone_D.ubulk" 569
"C:/Users/user/Documents/Unreal Projects/progpazdziernik/Content/StarterContent/Textures/T_Detail_Rocky_N.uasset" 570
"C:/Users/user/Documents/Unreal Projects/progpazdziernik/Content/StarterContent/Textures/T_Detail_Rocky_N.uexp" 571
"C:/Users/user/Documents/Unreal Projects/progpazdziernik/Content/StarterContent/Textures/T_Detail_Rocky_N.ubulk" 572
"C:/Users/user/Documents/Unreal Projects/progpazdziernik/Content/StarterContent/Textures/T_MacroVariation.uasset" 573
"C:/Users/user/Documents/Unreal Projects/progpazdziernik/Content/StarterContent/Textures/T_MacroVariation.uexp" 574
"C:/Users/user/Documents/Unreal Projects/progpazdziernik/Content/StarterContent/Materials/M_Brick_Hewn_Stone.uasset" 575
"C:/Users/user/Documents/Unreal Projects/progpazdziernik/Content/StarterContent/Materials/M_Brick_Hewn_Stone.uexp" 576
"C:/Users/user/Documents/Unreal Projects/progpazdziernik/Content/mapy/labirynt.uexp" 577
"C:/Users/user/Documents/Unreal Projects/progpazdziernik/Content/mapy/labirynt.umap" 578
"C:/Users/user/Documents/Unreal Projects/progpazdziernik/Content/mapy/labirynt2.uexp" 579
"C:/Users/user/Documents/Unreal Projects/progpazdziernik/Content/mapy/labirynt2.umap" 580
"C:/Users/user/Documents/Unreal Projects/progpazdziernik/Content/StarterContent/Textures/T_TableRound_N.uasset" 581
"C:/Users/user/Documents/Unreal Projects/progpazdziernik/Content/StarterContent/Textures/T_TableRound_N.uexp" 582
"C:/Users/user/Documents/Unreal Projects/progpazdziernik/Content/StarterContent/Textures/T_TableRound_N.ubulk" 583
"C:/Users/user/Documents/Unreal Projects/progpazdziernik/Content/StarterContent/Textures/T_TableRound_M.uasset" 584
"C:/Users/user/Documents/Unreal Projects/progpazdziernik/Content/StarterContent/Textures/T_TableRound_M.uexp" 585
"C:/Users/user/Documents/Unreal Projects/progpazdziernik/Content/StarterContent/Textures/T_TableRound_M.ubulk" 586
"C:/Users/user/Documents/Unreal Projects/progpazdziernik/Content/StarterContent/Props/Materials/M_TableRound.uasset" 587
"C:/Users/user/Documents/Unreal Projects/progpazdziernik/Content/StarterContent/Props/Materials/M_TableRound.uexp" 588
"C:/Users/user/Documents/Unreal Projects/progpazdziernik/Content/StarterContent/Props/SM_TableRound.uasset" 589
"C:/Users/user/Documents/Unreal Projects/progpazdziernik/Content/StarterContent/Props/SM_TableRound.uexp" 590
"C:/Users/user/Documents/Unreal Projects/progpazdziernik/Content/StarterContent/Textures/T_Statue_N.uasset" 591
"C:/Users/user/Documents/Unreal Projects/progpazdziernik/Content/StarterContent/Textures/T_Statue_N.uexp" 592
"C:/Users/user/Documents/Unreal Projects/progpazdziernik/Content/StarterContent/Textures/T_Statue_N.ubulk" 593
"C:/Users/user/Documents/Unreal Projects/progpazdziernik/Content/StarterContent/Textures/T_Statue_M.uasset" 594
"C:/Users/user/Documents/Unreal Projects/progpazdziernik/Content/StarterContent/Textures/T_Statue_M.uexp" 595
"C:/Users/user/Documents/Unreal Projects/progpazdziernik/Content/StarterContent/Textures/T_Statue_M.ubulk" 596
"C:/Users/user/Documents/Unreal Projects/progpazdziernik/Content/StarterContent/Props/Materials/M_Statue.uasset" 597
"C:/Users/user/Documents/Unreal Projects/progpazdziernik/Content/StarterContent/Props/Materials/M_Statue.uexp" 598
"C:/Users/user/Documents/Unreal Projects/progpazdziernik/Content/StarterContent/Props/Materials/M_StatueGlass.uasset" 599
"C:/Users/user/Documents/Unreal Projects/progpazdziernik/Content/StarterContent/Props/Materials/M_StatueGlass.uexp" 600
"C:/Users/user/Documents/Unreal Projects/progpazdziernik/Content/StarterContent/Props/SM_Statue.uasset" 601
"C:/Users/user/Documents/Unreal Projects/progpazdziernik/Content/StarterContent/Props/SM_Statue.uexp" 602
"C:/Users/user/Documents/Unreal Projects/progpazdziernik/Content/StarterContent/Textures/T_Chair_N.uasset" 603
"C:/Users/user/Documents/Unreal Projects/progpazdziernik/Content/StarterContent/Textures/T_Chair_N.uexp" 604
"C:/Users/user/Documents/Unreal Projects/progpazdziernik/Content/StarterContent/Textures/T_Chair_N.ubulk" 605
"C:/Users/user/Documents/Unreal Projects/progpazdziernik/Content/StarterContent/Textures/T_Chair_M.uasset" 606
"C:/Users/user/Documents/Unreal Projects/progpazdziernik/Content/StarterContent/Textures/T_Chair_M.uexp" 607
"C:/Users/user/Documents/Unreal Projects/progpazdziernik/Content/StarterContent/Textures/T_Chair_M.ubulk" 608
"C:/Users/user/Documents/Unreal Projects/progpazdziernik/Content/StarterContent/Props/Materials/M_Chair.uasset" 609
"C:/Users/user/Documents/Unreal Projects/progpazdziernik/Content/StarterContent/Props/Materials/M_Chair.uexp" 610
"C:/Users/user/Documents/Unreal Projects/progpazdziernik/Content/StarterContent/Props/SM_Chair.uasset" 611
"C:/Users/user/Documents/Unreal Projects/progpazdziernik/Content/StarterContent/Props/SM_Chair.uexp" 612
"C:/Users/user/Documents/Unreal Projects/progpazdziernik/Content/StarterContent/Textures/T_Metal_Copper_D.uasset" 613
"C:/Users/user/Documents/Unreal Projects/progpazdziernik/Content/StarterContent/Textures/T_Metal_Copper_D.uexp" 614
"C:/Users/user/Documents/Unreal Projects/progpazdziernik/Content/StarterContent/Textures/T_Metal_Copper_D.ubulk" 615
"C:/Users/user/Documents/Unreal Projects/progpazdziernik/Content/StarterContent/Textures/T_Metal_Gold_N.uasset" 616
"C:/Users/user/Documents/Unreal Projects/progpazdziernik/Content/StarterContent/Textures/T_Metal_Gold_N.uexp" 617
"C:/Users/user/Documents/Unreal Projects/progpazdziernik/Content/StarterContent/Textures/T_Metal_Gold_N.ubulk" 618
"C:/Users/user/Documents/Unreal Projects/progpazdziernik/Content/StarterContent/Materials/M_Metal_Copper.uasset" 619
"C:/Users/user/Documents/Unreal Projects/progpazdziernik/Content/StarterContent/Materials/M_Metal_Copper.uexp" 620
"C:/Users/user/Documents/Unreal Projects/progpazdziernik/Content/StarterContent/Textures/T_Metal_Aluminum_D.uasset" 621
"C:/Users/user/Documents/Unreal Projects/progpazdziernik/Content/StarterContent/Textures/T_Metal_Aluminum_D.uexp" 622
"C:/Users/user/Documents/Unreal Projects/progpazdziernik/Content/StarterContent/Textures/T_Metal_Aluminum_D.ubulk" 623
"C:/Users/user/Documents/Unreal Projects/progpazdziernik/Content/StarterContent/Materials/M_Metal_Burnished_Steel.uasset" 624
"C:/Users/user/Documents/Unreal Projects/progpazdziernik/Content/StarterContent/Materials/M_Metal_Burnished_Steel.uexp" 625
"C:/Users/user/Documents/Unreal Projects/progpazdziernik/Content/StarterContent/Materials/M_Metal_Brushed_Nickel.uasset" 626
"C:/Users/user/Documents/Unreal Projects/progpazdziernik/Content/StarterContent/Materials/M_Metal_Brushed_Nickel.uexp" 627
"C:/Users/user/Documents/Unreal Projects/progpazdziernik/Content/StarterContent/Maps/Minimal_Default_BuiltData.uasset" 628
"C:/Users/user/Documents/Unreal Projects/progpazdziernik/Content/StarterContent/Maps/Minimal_Default_BuiltData.uexp" 629
"C:/Users/user/Documents/Unreal Projects/progpazdziernik/Content/StarterContent/Maps/Minimal_Default_BuiltData.ubulk" 630
"C:/Users/user/Documents/Unreal Projects/progpazdziernik/Content/StarterContent/Audio/Starter_Background_Cue.uasset" 631
"C:/Users/user/Documents/Unreal Projects/progpazdziernik/Content/StarterContent/Audio/Starter_Background_Cue.uexp" 632
"C:/Users/user/Documents/Unreal Projects/progpazdziernik/Content/StarterContent/Materials/M_Basic_Floor.uasset" 633
"C:/Users/user/Documents/Unreal Projects/progpazdziernik/Content/StarterContent/Materials/M_Basic_Floor.uexp" 634
"C:/Users/user/Documents/Unreal Projects/progpazdziernik/Content/StarterContent/Architecture/Floor_400x400.uasset" 635
"C:/Users/user/Documents/Unreal Projects/progpazdziernik/Content/StarterContent/Architecture/Floor_400x400.uexp" 636
"C:/Users/user/Documents/Unreal Projects/progpazdziernik/Content/StarterContent/Maps/Minimal_Default.uexp" 637
"C:/Users/user/Documents/Unreal Projects/progpazdziernik/Content/StarterContent/Maps/Minimal_Default.umap" 638
"../../../Engine/Content/Maps/Entry_BuiltData.uasset" 639
"../../../Engine/Content/Maps/Entry_BuiltData.uexp" 640
"../../../Engine/Content/Maps/Entry.uexp" 641
"../../../Engine/Content/Maps/Entry.umap" 642
